<?xml version="1.0" encoding="UTF-8"?>
<!-- Generated by org.testng.reporters.JUnitXMLReporter -->
<testsuite hostname="admin-PC" ignored="4" name="practice1" tests="4" failures="0" timestamp="20 Jun 2021 04:42:13 GMT" time="0.25" errors="0">
  <testcase name="moto1" time="0.045" classname="testNg.grouping"/>
  <testcase name="moto2" time="0.004" classname="testNg.grouping"/>
  <testcase name="vivo1" time="0.004" classname="testNg.grouping"/>
  <testcase name="vivo2" time="0.004" classname="testNg.grouping"/>
  <testcase name="apple2" time="0.0" classname="testNg.grouping">
    <ignored/>
  </testcase> <!-- apple2 -->
  <testcase name="lenovo1" time="0.0" classname="testNg.grouping">
    <ignored/>
  </testcase> <!-- lenovo1 -->
  <testcase name="apple1" time="0.0" classname="testNg.grouping">
    <ignored/>
  </testcase> <!-- apple1 -->
  <testcase name="lenovo2" time="0.0" classname="testNg.grouping">
    <ignored/>
  </testcase> <!-- lenovo2 -->
</testsuite> <!-- practice1 -->
