<?xml version="1.0" encoding="UTF-8"?>
<testng-results skipped="0" failed="0" ignored="0" total="1" passed="1">
  <reporter-output>
  </reporter-output>
  <suite name="example4" duration-ms="127" started-at="2021-06-20T07:24:43Z" finished-at="2021-06-20T07:24:43Z">
    <groups>
    </groups>
    <test name="practice4" duration-ms="127" started-at="2021-06-20T07:24:43Z" finished-at="2021-06-20T07:24:43Z">
      <class name="testNg.listenging2">
        <test-method status="PASS" signature="help()[pri:0, instance:testNg.listenging2@1fcfece]" name="help" duration-ms="28" started-at="2021-06-20T07:24:43Z" finished-at="2021-06-20T07:24:43Z">
          <reporter-output>
          </reporter-output>
        </test-method> <!-- help -->
      </class> <!-- testNg.listenging2 -->
    </test> <!-- practice4 -->
  </suite> <!-- example4 -->
</testng-results>
