<?xml version="1.0" encoding="UTF-8"?>
<!-- Generated by org.testng.reporters.JUnitXMLReporter -->
<testsuite hostname="admin-PC" ignored="1" name="practice" tests="9" failures="0" timestamp="19 Jun 2021 12:18:41 GMT" time="15.019" errors="0">
  <testcase name="highschool" time="0.009" classname="testNg.dependencees"/>
  <testcase name="secondary" time="0.003" classname="testNg.dependencees"/>
  <testcase name="degree" time="0.003" classname="testNg.dependencees"/>
  <testcase name="firsttest" time="0.004" classname="testNg.sampletestng"/>
  <testcase name="opencowin" time="4.218" classname="testNg.suitewriting"/>
  <testcase name="opengoogle" time="6.138" classname="testNg.suitewriting"/>
  <testcase name="openiocl" time="4.539" classname="testNg.suitewriting"/>
  <testcase name="thirdtest" time="0.003" classname="testNg.sampletestng"/>
  <testcase name="fourthtest" time="0.002" classname="testNg.sampletestng"/>
  <testcase name="secondtest" time="0.0" classname="testNg.sampletestng">
    <ignored/>
  </testcase> <!-- secondtest -->
</testsuite> <!-- practice -->
